<?xml version="1.0" encoding="UTF-8"?>
<!-- Generated by org.testng.reporters.JUnitXMLReporter -->
<testsuite hostname="DESKTOP-M3E2BR1" ignored="0" name="Test" tests="2" failures="0" timestamp="2021-02-18T05:35:37 IST" time="0.493" errors="0">
  <testcase name="@BeforeMethod launchApplication" time="-1.613606737436E9" classname="base.ProjectSpecificMethods">
    <failure type="org.testng.TestNGException" message="
Parameter &amp;apos;lang&amp;apos; is required by BeforeMethod on method launchApplication but has not been marked @Optional or defined
in E:\Test Leaf\Eclipse\SeleniumTesting\POM\testng_Leads.xml">
      <![CDATA[org.testng.TestNGException: 
Parameter 'lang' is required by BeforeMethod on method launchApplication but has not been marked @Optional or defined
in E:\Test Leaf\Eclipse\SeleniumTesting\POM\testng_Leads.xml
at java.util.concurrent.ThreadPoolExecutor.runWorker(Unknown Source)
at java.util.concurrent.ThreadPoolExecutor$Worker.run(Unknown Source)
at java.lang.Thread.run(Unknown Source)
... Removed 13 stack frames]]>
    </failure>
  </testcase> <!-- @BeforeMethod launchApplication -->
  <testcase name="@BeforeMethod launchApplication" time="-1.613606737892E9" classname="base.ProjectSpecificMethods">
    <failure type="org.testng.TestNGException" message="
Parameter &amp;apos;lang&amp;apos; is required by BeforeMethod on method launchApplication but has not been marked @Optional or defined
in E:\Test Leaf\Eclipse\SeleniumTesting\POM\testng_Leads.xml">
      <![CDATA[org.testng.TestNGException: 
Parameter 'lang' is required by BeforeMethod on method launchApplication but has not been marked @Optional or defined
in E:\Test Leaf\Eclipse\SeleniumTesting\POM\testng_Leads.xml
at java.util.concurrent.ThreadPoolExecutor.runWorker(Unknown Source)
at java.util.concurrent.ThreadPoolExecutor$Worker.run(Unknown Source)
at java.lang.Thread.run(Unknown Source)
... Removed 13 stack frames]]>
    </failure>
  </testcase> <!-- @BeforeMethod launchApplication -->
  <testcase name="executeLogin" time="0.0" classname="testcases.LoginPageTestCase">
    <skipped/>
  </testcase> <!-- executeLogin -->
  <testcase name="runCreateLead" time="0.0" classname="testcases.CreateLead">
    <skipped/>
  </testcase> <!-- runCreateLead -->
</testsuite> <!-- Test -->
